<?xml version="1.0" encoding="UTF-8"?>
<testng-results ignored="1" total="2" passed="0" failed="1" skipped="0">
  <reporter-output>
    <line>
      <![CDATA[[INFO]: The test Browser is CHROME !!!]]>
    </line>
    <line>
      <![CDATA[Login page gets opened]]>
    </line>
    <line>
      <![CDATA[[ASSERT FAILED]: Element btn_ViewPrices not found on the BasicCourse !!!]]>
    </line>
    <line>
      <![CDATA[[INFO]: Save Image File Path : C:\Users\P.LENIN\Downloads\Session-8\Session-8\./target/screenshots/\BasicCourseTest\2020_08_12_11_10_am\screenshot.jpg]]>
    </line>
    <line>
      <![CDATA[[INFO]: The Test: BASICCOURSETEST COMPLETED!
]]>
    </line>
  </reporter-output>
  <suite started-at="2020-08-12T11:09:23 IST" name="Suite1" finished-at="2020-08-12T11:10:57 IST" duration-ms="93837">
    <groups>
    </groups>
    <test started-at="2020-08-12T11:09:23 IST" name="Nopackage" finished-at="2020-08-12T11:10:57 IST" duration-ms="93837">
      <class name="com.qait.tests.BasicCourseTest">
        <test-method is-config="true" signature="TestSessionInitiators()[pri:0, instance:com.qait.tests.BasicCourseTest@15eb5ee5]" started-at="2020-08-12T11:09:23 IST" name="TestSessionInitiators" finished-at="2020-08-12T11:09:23 IST" duration-ms="28" status="PASS">
          <reporter-output>
          </reporter-output>
        </test-method> <!-- TestSessionInitiators -->
        <test-method is-config="true" signature="launchMyApplication()[pri:0, instance:com.qait.tests.BasicCourseTest@15eb5ee5]" started-at="2020-08-12T11:09:23 IST" name="launchMyApplication" finished-at="2020-08-12T11:09:29 IST" duration-ms="6275" status="PASS">
          <reporter-output>
            <line>
              <![CDATA[[INFO]: The test Browser is CHROME !!!]]>
            </line>
          </reporter-output>
        </test-method> <!-- launchMyApplication -->
        <test-method is-config="true" signature="logTestMethod(java.lang.reflect.Method)[pri:0, instance:com.qait.tests.BasicCourseTest@15eb5ee5]" started-at="2020-08-12T11:09:29 IST" name="logTestMethod" finished-at="2020-08-12T11:09:29 IST" duration-ms="2" status="PASS">
          <params>
            <param index="0">
              <value>
                <![CDATA[public void com.qait.tests.BasicCourseTest.navigateToFlights() throws java.lang.Throwable]]>
              </value>
            </param>
          </params>
          <reporter-output>
          </reporter-output>
        </test-method> <!-- logTestMethod -->
        <test-method signature="navigateToFlights()[pri:2, instance:com.qait.tests.BasicCourseTest@15eb5ee5]" started-at="2020-08-12T11:09:29 IST" name="navigateToFlights" finished-at="2020-08-12T11:10:53 IST" duration-ms="83080" status="FAIL">
          <exception class="java.lang.AssertionError">
            <message>
              <![CDATA[[ASSERT FAILED]: Element btn_ViewPrices not found on the BasicCourse !!!]]>
            </message>
            <full-stacktrace>
              <![CDATA[java.lang.AssertionError: [ASSERT FAILED]: Element btn_ViewPrices not found on the BasicCourse !!!
at org.testng.Assert.fail(Assert.java:97)
at com.qait.automation.getpageobjects.GetPage.element(GetPage.java:146)
at com.qait.automation.getpageobjects.GetPage.element(GetPage.java:133)
at com.qait.keywords.BasicCourseActions.btnViewPrice(BasicCourseActions.java:146)
at com.qait.tests.BasicCourseTest.navigateToFlights(BasicCourseTest.java:39)
at java.base/jdk.internal.reflect.NativeMethodAccessorImpl.invoke0(Native Method)
at java.base/jdk.internal.reflect.NativeMethodAccessorImpl.invoke(NativeMethodAccessorImpl.java:62)
at java.base/jdk.internal.reflect.DelegatingMethodAccessorImpl.invoke(DelegatingMethodAccessorImpl.java:43)
at java.base/java.lang.reflect.Method.invoke(Method.java:564)
at org.testng.internal.MethodInvocationHelper.invokeMethod(MethodInvocationHelper.java:134)
at org.testng.internal.TestInvoker.invokeMethod(TestInvoker.java:597)
at org.testng.internal.TestInvoker.invokeTestMethod(TestInvoker.java:173)
at org.testng.internal.MethodRunner.runInSequence(MethodRunner.java:46)
at org.testng.internal.TestInvoker$MethodInvocationAgent.invoke(TestInvoker.java:816)
at org.testng.internal.TestInvoker.invokeTestMethods(TestInvoker.java:146)
at org.testng.internal.TestMethodWorker.invokeTestMethods(TestMethodWorker.java:146)
at org.testng.internal.TestMethodWorker.run(TestMethodWorker.java:128)
at java.base/java.util.ArrayList.forEach(ArrayList.java:1511)
at org.testng.TestRunner.privateRun(TestRunner.java:766)
at org.testng.TestRunner.run(TestRunner.java:587)
at org.testng.SuiteRunner.runTest(SuiteRunner.java:384)
at org.testng.SuiteRunner.runSequentially(SuiteRunner.java:378)
at org.testng.SuiteRunner.privateRun(SuiteRunner.java:337)
at org.testng.SuiteRunner.run(SuiteRunner.java:286)
at org.testng.SuiteRunnerWorker.runSuite(SuiteRunnerWorker.java:53)
at org.testng.SuiteRunnerWorker.run(SuiteRunnerWorker.java:96)
at org.testng.TestNG.runSuitesSequentially(TestNG.java:1187)
at org.testng.TestNG.runSuitesLocally(TestNG.java:1109)
at org.testng.TestNG.runSuites(TestNG.java:1039)
at org.testng.TestNG.run(TestNG.java:1007)
at org.testng.remote.AbstractRemoteTestNG.run(AbstractRemoteTestNG.java:115)
at org.testng.remote.RemoteTestNG.initAndRun(RemoteTestNG.java:251)
at org.testng.remote.RemoteTestNG.main(RemoteTestNG.java:77)
]]>
            </full-stacktrace>
          </exception> <!-- java.lang.AssertionError -->
          <reporter-output>
            <line>
              <![CDATA[Login page gets opened]]>
            </line>
            <line>
              <![CDATA[[ASSERT FAILED]: Element btn_ViewPrices not found on the BasicCourse !!!]]>
            </line>
          </reporter-output>
        </test-method> <!-- navigateToFlights -->
        <test-method is-config="true" signature="take_screenshot_on_failure(org.testng.ITestResult)[pri:0, instance:com.qait.tests.BasicCourseTest@15eb5ee5]" started-at="2020-08-12T11:10:53 IST" name="take_screenshot_on_failure" finished-at="2020-08-12T11:10:53 IST" duration-ms="551" status="PASS">
          <params>
            <param index="0">
              <value>
                <![CDATA[[TestResult name=navigateToFlights status=FAILURE method=BasicCourseTest.navigateToFlights()[pri:2, instance:com.qait.tests.BasicCourseTest@15eb5ee5] output=Login page gets opened]]]>
              </value>
            </param>
          </params>
          <reporter-output>
            <line>
              <![CDATA[[INFO]: Save Image File Path : C:\Users\P.LENIN\Downloads\Session-8\Session-8\./target/screenshots/\BasicCourseTest\2020_08_12_11_10_am\screenshot.jpg]]>
            </line>
          </reporter-output>
        </test-method> <!-- take_screenshot_on_failure -->
        <test-method is-config="true" signature="stop_test_session()[pri:0, instance:com.qait.tests.BasicCourseTest@15eb5ee5]" started-at="2020-08-12T11:10:53 IST" name="stop_test_session" finished-at="2020-08-12T11:10:57 IST" duration-ms="3829" status="PASS">
          <reporter-output>
            <line>
              <![CDATA[[INFO]: The Test: BASICCOURSETEST COMPLETED!
]]>
            </line>
          </reporter-output>
        </test-method> <!-- stop_test_session -->
      </class> <!-- com.qait.tests.BasicCourseTest -->
    </test> <!-- Nopackage -->
  </suite> <!-- Suite1 -->
</testng-results>
